<?xml version="1.0" encoding="UTF-8"?>
<!-- Generated by org.testng.reporters.JUnitReportReporter -->
<testsuite hostname="Ankiket-ASUS" failures="0" tests="1" name="com.itlearn.testcases.TestCaseDemo" time="0.006" errors="0" timestamp="2025-01-06T13:37:04 IST" skipped="0">
  <testcase classname="com.itlearn.testcases.TestCaseDemo" name="test" time="0.006"/>
</testsuite> <!-- com.itlearn.testcases.TestCaseDemo -->
