<?xml version="1.0" encoding="UTF-8"?>
<!-- Generated by org.testng.reporters.JUnitReportReporter -->
<testsuite hostname="Ankiket-ASUS" failures="0" tests="1" name="com.itlearn.testcases.PaymentTestCase" time="15.738" errors="0" timestamp="2025-01-08T20:15:15 IST" skipped="0">
  <testcase classname="com.itlearn.testcases.PaymentTestCase" name="testCourses" time="15.738"/>
</testsuite> <!-- com.itlearn.testcases.PaymentTestCase -->
