<?xml version="1.0" encoding="UTF-8"?>
<!-- Generated by org.testng.reporters.JUnitReportReporter -->
<testsuite hostname="Ankiket-ASUS" failures="0" tests="1" name="com.itlearn.testcases.DashBoardTestcase" time="16.172" errors="0" timestamp="2025-01-07T17:51:10 IST" skipped="0">
  <testcase classname="com.itlearn.testcases.DashBoardTestcase" name="testCourses" time="16.172"/>
</testsuite> <!-- com.itlearn.testcases.DashBoardTestcase -->
