<?xml version="1.0" encoding="UTF-8"?>
<!-- Generated by org.testng.reporters.JUnitReportReporter -->
<testsuite hostname="Ankiket-ASUS" failures="0" tests="1" name="com.itlearn.testcases.SearchTestCaseClass" time="10.375" errors="0" timestamp="2025-01-07T17:22:14 IST" skipped="0">
  <testcase classname="com.itlearn.testcases.SearchTestCaseClass" name="searchCourseTest" time="10.375"/>
</testsuite> <!-- com.itlearn.testcases.SearchTestCaseClass -->
