<?xml version="1.0" encoding="UTF-8"?>
<!-- Generated by org.testng.reporters.JUnitReportReporter -->
<testsuite hostname="Ankiket-ASUS" failures="0" tests="1" name="com.itlearn.testcases.LogInTest" time="4.310" errors="0" timestamp="2025-01-07T11:11:14 IST" skipped="0">
  <testcase classname="com.itlearn.testcases.LogInTest" name="verifylogin" time="4.310"/>
</testsuite> <!-- com.itlearn.testcases.LogInTest -->
